  Main.cpp
C:\Users\nelso\Documents\ComputerScience\Semester-7\Computer_Graphics\CG_Course_2020\Rehearsal_OpenGL\Scene3D\Project\Project\mesh.h(84,1): warning C4267: 'argument': conversion from 'size_t' to 'GLsizei', possible loss of data
C:\Users\nelso\Documents\ComputerScience\Semester-7\Computer_Graphics\CG_Course_2020\Rehearsal_OpenGL\Scene3D\Project\Project\Main.cpp(184,73): warning C4305: 'argument': truncation from 'double' to 'GLfloat'
C:\Users\nelso\Documents\ComputerScience\Semester-7\Computer_Graphics\CG_Course_2020\Rehearsal_OpenGL\Scene3D\Project\Project\Main.cpp(186,75): warning C4305: 'argument': truncation from 'double' to 'GLfloat'
C:\Users\nelso\Documents\ComputerScience\Semester-7\Computer_Graphics\CG_Course_2020\Rehearsal_OpenGL\Scene3D\Project\Project\Main.cpp(205,74): warning C4305: 'argument': truncation from 'double' to 'GLfloat'
C:\Users\nelso\Documents\ComputerScience\Semester-7\Computer_Graphics\CG_Course_2020\Rehearsal_OpenGL\Scene3D\Project\Project\Main.cpp(207,76): warning C4305: 'argument': truncation from 'double' to 'GLfloat'
C:\Users\nelso\Documents\ComputerScience\Semester-7\Computer_Graphics\CG_Course_2020\Rehearsal_OpenGL\Scene3D\Project\Project\Main.cpp(215,42): warning C4805: '!=': unsafe mix of type 'int' and type 'bool' in operation
C:\Users\nelso\Documents\ComputerScience\Semester-7\Computer_Graphics\CG_Course_2020\Rehearsal_OpenGL\Scene3D\Project\Project\Main.cpp(219,22): warning C4244: 'initializing': conversion from 'double' to 'float', possible loss of data
C:\Users\nelso\Documents\ComputerScience\Semester-7\Computer_Graphics\CG_Course_2020\Rehearsal_OpenGL\Scene3D\Project\Project\Main.cpp(295,61): warning C4244: 'argument': conversion from 'unsigned int' to 'float', possible loss of data
C:\Users\nelso\Documents\ComputerScience\Semester-7\Computer_Graphics\CG_Course_2020\Rehearsal_OpenGL\Scene3D\Project\Project\Main.cpp(324,113): warning C4305: 'argument': truncation from 'double' to 'float'
C:\Users\nelso\Documents\ComputerScience\Semester-7\Computer_Graphics\CG_Course_2020\Rehearsal_OpenGL\Scene3D\Project\Project\Main.cpp(439,26): warning C4244: '=': conversion from 'double' to 'float', possible loss of data
C:\Users\nelso\Documents\ComputerScience\Semester-7\Computer_Graphics\CG_Course_2020\Rehearsal_OpenGL\Scene3D\Project\Project\Main.cpp(458,26): warning C4244: '=': conversion from 'double' to 'float', possible loss of data
C:\Users\nelso\Documents\ComputerScience\Semester-7\Computer_Graphics\CG_Course_2020\Rehearsal_OpenGL\Scene3D\Project\Project\Main.cpp(484,26): warning C4244: '=': conversion from 'double' to 'float', possible loss of data
C:\Users\nelso\Documents\ComputerScience\Semester-7\Computer_Graphics\CG_Course_2020\Rehearsal_OpenGL\Scene3D\Project\Project\Main.cpp(494,26): warning C4244: '=': conversion from 'double' to 'float', possible loss of data
C:\Users\nelso\Documents\ComputerScience\Semester-7\Computer_Graphics\CG_Course_2020\Rehearsal_OpenGL\Scene3D\Project\Project\Main.cpp(504,26): warning C4244: '=': conversion from 'double' to 'float', possible loss of data
C:\Users\nelso\Documents\ComputerScience\Semester-7\Computer_Graphics\CG_Course_2020\Rehearsal_OpenGL\Scene3D\Project\Project\Main.cpp(514,26): warning C4244: '=': conversion from 'double' to 'float', possible loss of data
C:\Users\nelso\Documents\ComputerScience\Semester-7\Computer_Graphics\CG_Course_2020\Rehearsal_OpenGL\Scene3D\Project\Project\Main.cpp(525,11): warning C4244: '=': conversion from 'double' to 'float', possible loss of data
C:\Users\nelso\Documents\ComputerScience\Semester-7\Computer_Graphics\CG_Course_2020\Rehearsal_OpenGL\Scene3D\Project\Project\Main.cpp(526,11): warning C4244: '=': conversion from 'double' to 'float', possible loss of data
C:\Users\nelso\Documents\ComputerScience\Semester-7\Computer_Graphics\CG_Course_2020\Rehearsal_OpenGL\Scene3D\Project\Project\Main.cpp(530,16): warning C4244: 'initializing': conversion from 'double' to 'float', possible loss of data
C:\Users\nelso\Documents\ComputerScience\Semester-7\Computer_Graphics\CG_Course_2020\Rehearsal_OpenGL\Scene3D\Project\Project\Main.cpp(532,16): warning C4244: 'initializing': conversion from 'double' to 'float', possible loss of data
C:\Users\nelso\Documents\ComputerScience\Semester-7\Computer_Graphics\CG_Course_2020\Rehearsal_OpenGL\Scene3D\Project\Project\Main.cpp(534,10): warning C4244: '=': conversion from 'double' to 'float', possible loss of data
C:\Users\nelso\Documents\ComputerScience\Semester-7\Computer_Graphics\CG_Course_2020\Rehearsal_OpenGL\Scene3D\Project\Project\Main.cpp(535,10): warning C4244: '=': conversion from 'double' to 'float', possible loss of data
C:\Users\nelso\Documents\ComputerScience\Semester-7\Computer_Graphics\CG_Course_2020\Rehearsal_OpenGL\Scene3D\Project\Project\Main.cpp(544,28): warning C4244: 'argument': conversion from 'double' to 'float', possible loss of data
  Project.vcxproj -> C:\Users\nelso\Documents\ComputerScience\Semester-7\Computer_Graphics\CG_Course_2020\Rehearsal_OpenGL\Scene3D\Project\x64\Debug\Project.exe
